<?xml version="1.0" encoding="UTF-8"?>
<!-- Generated by org.testng.reporters.JUnitXMLReporter -->
<testsuite ignored="0" hostname="PC7425" failures="1" tests="6" name="TV 2 sumo Test Cases" time="68.077" errors="0" timestamp="12 Nov 2019 08:43:16 GMT">
  <testcase classname="sumo.qa.testcases.FrontpageTest" name="LogginnFunction_Test" time="8.136">
    <failure type="java.lang.AssertionError" message="Wrong username/password expected [true] but found [false]">
      <![CDATA[java.lang.AssertionError: Wrong username/password expected [true] but found [false]
at sumo.qa.testcases.FrontpageTest.LogginnFunction_Test(FrontpageTest.java:56)
at java.base/java.util.concurrent.ThreadPoolExecutor.runWorker(ThreadPoolExecutor.java:1128)
at java.base/java.util.concurrent.ThreadPoolExecutor$Worker.run(ThreadPoolExecutor.java:628)
at java.base/java.lang.Thread.run(Thread.java:834)
... Removed 15 stack frames]]>
    </failure>
  </testcase> <!-- LogginnFunction_Test -->
  <testcase classname="sumo.qa.testcases.FrontpageTest" name="GlemtPassordLink_Click_Test" time="0.318"/>
  <testcase classname="sumo.qa.testcases.FrontpageTest" name="NyBruker_FaatilgangNaaLink_Test" time="0.308"/>
  <testcase classname="sumo.qa.testcases.FrontpageTest" name="logginnBtn_Click_Test" time="0.193"/>
  <testcase classname="sumo.qa.testcases.FrontpageTest" name="LogginnAvbrytBtn_Click_Test" time="7.236"/>
  <testcase classname="sumo.qa.testcases.FrontpageTest" name="SumoLogo_Click_Test" time="2.112"/>
</testsuite> <!-- TV 2 sumo Test Cases -->
