<?xml version="1.0" encoding="UTF-8"?>
<!-- Generated by org.testng.reporters.JUnitXMLReporter -->
<testsuite hostname="PC7425" ignored="0" name="TV 2 sumo Test Cases" tests="7" failures="0" timestamp="01 Oct 2019 13:39:39 GMT" time="68.862" errors="0">
  <testcase name="goToPakkerTest" time="0.796" classname="sumo.qa.testcases.NybrukerTest"/>
  <testcase name="LogginnFunction_Test" time="7.107" classname="sumo.qa.testcases.FrontpageTest"/>
  <testcase name="GlemtPassordLink_Click_Test" time="0.272" classname="sumo.qa.testcases.FrontpageTest"/>
  <testcase name="NyBruker_FaatilgangNaaLink_Test" time="0.264" classname="sumo.qa.testcases.FrontpageTest"/>
  <testcase name="logginnBtn_Click_Test" time="0.157" classname="sumo.qa.testcases.FrontpageTest"/>
  <testcase name="LogginnAvbrytBtn_Click_Test" time="7.287" classname="sumo.qa.testcases.FrontpageTest"/>
  <testcase name="SumoLogo_Click_Test" time="2.11" classname="sumo.qa.testcases.FrontpageTest"/>
</testsuite> <!-- TV 2 sumo Test Cases -->
