<?xml version="1.0" encoding="UTF-8"?>
<!-- Generated by org.testng.reporters.JUnitXMLReporter -->
<testsuite ignored="0" hostname="PC7425" failures="0" tests="7" name="Default test" time="106.16" errors="0" timestamp="09 Dec 2019 15:23:33 GMT">
  <testcase classname="sumo.qa.testcases.NybrukerTest" name="goToPakkerTest" time="1.595"/>
  <testcase classname="sumo.qa.testcases.FrontpageTest" name="LogginnFunction_Test" time="21.149"/>
  <testcase classname="sumo.qa.testcases.FrontpageTest" name="GlemtPassordLink_Click_Test" time="0.377"/>
  <testcase classname="sumo.qa.testcases.FrontpageTest" name="NyBruker_FaatilgangNaaLink_Test" time="0.334"/>
  <testcase classname="sumo.qa.testcases.FrontpageTest" name="logginnBtn_Click_Test" time="0.193"/>
  <testcase classname="sumo.qa.testcases.FrontpageTest" name="LogginnAvbrytBtn_Click_Test" time="7.236"/>
  <testcase classname="sumo.qa.testcases.FrontpageTest" name="SumoLogo_Click_Test" time="6.2"/>
</testsuite> <!-- Default test -->
