{"uuid":"c31eeb8a-ecbe-4c46-a742-5fa77c2fc0ca","historyId":"8cdc3736ea03e19d1f2f62d84b55e813","fullName":"sumo.qa.testcases.FrontpageTest.GlemtPassordLink_Click_Test","labels":[{"name":"package","value":"sumo.qa.testcases.FrontpageTest"},{"name":"testClass","value":"sumo.qa.testcases.FrontpageTest"},{"name":"testMethod","value":"GlemtPassordLink_Click_Test"},{"name":"parentSuite","value":"TV 2 Sumo Automation Test Suite"},{"name":"suite","value":"TV 2 sumo Test Cases"},{"name":"subSuite","value":"sumo.qa.testcases.FrontpageTest"},{"name":"host","value":"PC7425"},{"name":"thread","value":"2736@PC7425.TestNG-test=TV 2 sumo Test Cases-2(36)"},{"name":"feature","value":"forget pass link- checking"},{"name":"story","value":"positive testcase"},{"name":"severity","value":"blocker"}],"links":[],"name":"Glemte pass","status":"failed","statusDetails":{"known":false,"muted":false,"flaky":false,"message":"Glemt Passordlink is not working expected [Få passord123] but found [Få passord]","trace":"java.lang.AssertionError: Glemt Passordlink is not working expected [Få passord123] but found [Få passord]\r\n\tat org.testng.Assert.fail(Assert.java:96)\r\n\tat org.testng.Assert.failNotEquals(Assert.java:776)\r\n\tat org.testng.Assert.assertEqualsImpl(Assert.java:137)\r\n\tat org.testng.Assert.assertEquals(Assert.java:118)\r\n\tat org.testng.Assert.assertEquals(Assert.java:453)\r\n\tat sumo.qa.testcases.FrontpageTest.GlemtPassordLink_Click_Test_aroundBody2(FrontpageTest.java:104)\r\n\tat sumo.qa.testcases.FrontpageTest$AjcClosure3.run(FrontpageTest.java:1)\r\n\tat org.aspectj.runtime.reflect.JoinPointImpl.proceed(JoinPointImpl.java:149)\r\n\tat io.qameta.allure.aspects.StepsAspects.step(StepsAspects.java:51)\r\n\tat sumo.qa.testcases.FrontpageTest.GlemtPassordLink_Click_Test(FrontpageTest.java:103)\r\n\tat java.base/jdk.internal.reflect.NativeMethodAccessorImpl.invoke0(Native Method)\r\n\tat java.base/jdk.internal.reflect.NativeMethodAccessorImpl.invoke(NativeMethodAccessorImpl.java:62)\r\n\tat java.base/jdk.internal.reflect.DelegatingMethodAccessorImpl.invoke(DelegatingMethodAccessorImpl.java:43)\r\n\tat java.base/java.lang.reflect.Method.invoke(Method.java:566)\r\n\tat org.testng.internal.MethodInvocationHelper.invokeMethod(MethodInvocationHelper.java:124)\r\n\tat org.testng.internal.Invoker.invokeMethod(Invoker.java:580)\r\n\tat org.testng.internal.Invoker.invokeTestMethod(Invoker.java:716)\r\n\tat org.testng.internal.Invoker.invokeTestMethods(Invoker.java:988)\r\n\tat org.testng.internal.TestMethodWorker.invokeTestMethods(TestMethodWorker.java:125)\r\n\tat org.testng.internal.TestMethodWorker.run(TestMethodWorker.java:109)\r\n\tat java.base/java.util.concurrent.ThreadPoolExecutor.runWorker(ThreadPoolExecutor.java:1128)\r\n\tat java.base/java.util.concurrent.ThreadPoolExecutor$Worker.run(ThreadPoolExecutor.java:628)\r\n\tat java.base/java.lang.Thread.run(Thread.java:834)\r\n"},"stage":"finished","description":"This method is checking if the foget password links works fine","start":1576057207364,"stop":1576057209132,"steps":[{"name":"Test body.....","status":"failed","statusDetails":{"known":false,"muted":false,"flaky":false,"message":"Glemt Passordlink is not working expected [Få passord123] but found [Få passord]","trace":"java.lang.AssertionError: Glemt Passordlink is not working expected [Få passord123] but found [Få passord]\r\n\tat org.testng.Assert.fail(Assert.java:96)\r\n\tat org.testng.Assert.failNotEquals(Assert.java:776)\r\n\tat org.testng.Assert.assertEqualsImpl(Assert.java:137)\r\n\tat org.testng.Assert.assertEquals(Assert.java:118)\r\n\tat org.testng.Assert.assertEquals(Assert.java:453)\r\n\tat sumo.qa.testcases.FrontpageTest.GlemtPassordLink_Click_Test_aroundBody2(FrontpageTest.java:104)\r\n\tat sumo.qa.testcases.FrontpageTest$AjcClosure3.run(FrontpageTest.java:1)\r\n\tat org.aspectj.runtime.reflect.JoinPointImpl.proceed(JoinPointImpl.java:149)\r\n\tat io.qameta.allure.aspects.StepsAspects.step(StepsAspects.java:51)\r\n\tat sumo.qa.testcases.FrontpageTest.GlemtPassordLink_Click_Test(FrontpageTest.java:103)\r\n\tat java.base/jdk.internal.reflect.NativeMethodAccessorImpl.invoke0(Native Method)\r\n\tat java.base/jdk.internal.reflect.NativeMethodAccessorImpl.invoke(NativeMethodAccessorImpl.java:62)\r\n\tat java.base/jdk.internal.reflect.DelegatingMethodAccessorImpl.invoke(DelegatingMethodAccessorImpl.java:43)\r\n\tat java.base/java.lang.reflect.Method.invoke(Method.java:566)\r\n\tat org.testng.internal.MethodInvocationHelper.invokeMethod(MethodInvocationHelper.java:124)\r\n\tat org.testng.internal.Invoker.invokeMethod(Invoker.java:580)\r\n\tat org.testng.internal.Invoker.invokeTestMethod(Invoker.java:716)\r\n\tat org.testng.internal.Invoker.invokeTestMethods(Invoker.java:988)\r\n\tat org.testng.internal.TestMethodWorker.invokeTestMethods(TestMethodWorker.java:125)\r\n\tat org.testng.internal.TestMethodWorker.run(TestMethodWorker.java:109)\r\n\tat java.base/java.util.concurrent.ThreadPoolExecutor.runWorker(ThreadPoolExecutor.java:1128)\r\n\tat java.base/java.util.concurrent.ThreadPoolExecutor$Worker.run(ThreadPoolExecutor.java:628)\r\n\tat java.base/java.lang.Thread.run(Thread.java:834)\r\n"},"stage":"finished","start":1576057207364,"stop":1576057208494}],"attachments":[{"name":"saveFailureScreenShot","source":"8f6de78c-d2b7-48ad-8611-19f722d72f33-attachment"},{"name":"GlemtPassordLink_Click_Test failed and screenshot taken!!!!!!!!!!!","source":"dea726ec-1084-4b63-8bec-c75fbf92ed3b-attachment","type":"text/plain"}],"parameters":[]}