<?xml version="1.0" encoding="UTF-8"?>
<testsuite xmlns:xsi="http://www.w3.org/2001/XMLSchema-instance" xsi:schemaLocation="https://maven.apache.org/surefire/maven-surefire-plugin/xsd/surefire-test-report.xsd" name="TestSuite" time="106.905" tests="6" errors="0" skipped="0" failures="1">
  <properties>
[...]
</properties>
  <testcase name="LogginnFunction_Test" classname="sumo.qa.testcases.FrontpageTest" time="21.318"/>
  <testcase name="GlemtPassordLink_Click_Test" classname="sumo.qa.testcases.FrontpageTest" time="0.435"/>
  <testcase name="NyBruker_FaatilgangNaaLink_Test" classname="sumo.qa.testcases.FrontpageTest" time="0.795"/>
  <testcase name="logginnBtn_Click_Test" classname="sumo.qa.testcases.FrontpageTest" time="0.256"/>
  <testcase name="LogginnAvbrytBtn_Click_Test" classname="sumo.qa.testcases.FrontpageTest" time="7.31"/>
  <testcase name="SumoLogo_Click_Test" classname="sumo.qa.testcases.FrontpageTest" time="5.043">
    <failure message="no such element: Unable to locate element: {&quot;method&quot;:&quot;xpath&quot;,&quot;selector&quot;:&quot;//a[@class=&apos;header__logo&apos;]//*[@class=&apos;svglogo svglogo-sumo-white&apos;]&quot;}&#10;  (Session info: chrome=78.0.3904.108)&#10;For documentation on this error, please visit: https://www.seleniumhq.org/exceptions/no_such_element.html&#10;Build info: version: &apos;3.141.59&apos;, revision: &apos;e82be7d358&apos;, time: &apos;2018-11-14T08:17:03&apos;&#10;System info: host: &apos;PC7425&apos;, ip: &apos;10.53.33.251&apos;, os.name: &apos;Windows 10&apos;, os.arch: &apos;amd64&apos;, os.version: &apos;10.0&apos;, java.version: &apos;11.0.3&apos;&#10;Driver info: org.openqa.selenium.chrome.ChromeDriver&#10;Capabilities {acceptInsecureCerts: false, browserName: chrome, browserVersion: 78.0.3904.108, chrome: {chromedriverVersion: 78.0.3904.70 (edb9c9f3de024..., userDataDir: C:\Users\speriy\AppData\Loc...}, goog:chromeOptions: {debuggerAddress: localhost:63342}, javascriptEnabled: true, networkConnectionEnabled: false, pageLoadStrategy: normal, platform: XP, platformName: XP, proxy: Proxy(), setWindowRect: true, strictFileInteractability: false, timeouts: {implicit: 0, pageLoad: 300000, script: 30000}, unhandledPromptBehavior: dismiss and notify}&#10;Session ID: 4eb0b4bd5504eb8670687ac0f99c6cd5&#10;*** Element info: {Using=xpath, value=//a[@class=&apos;header__logo&apos;]//*[@class=&apos;svglogo svglogo-sumo-white&apos;]}" type="org.openqa.selenium.NoSuchElementException">org.openqa.selenium.NoSuchElementException: 
no such element: Unable to locate element: {"method":"xpath","selector":"//a[@class='header__logo']//*[@class='svglogo svglogo-sumo-white']"}
  (Session info: chrome=78.0.3904.108)
For documentation on this error, please visit: https://www.seleniumhq.org/exceptions/no_such_element.html
Build info: version: '3.141.59', revision: 'e82be7d358', time: '2018-11-14T08:17:03'
System info: host: 'PC7425', ip: '10.53.33.251', os.name: 'Windows 10', os.arch: 'amd64', os.version: '10.0', java.version: '11.0.3'
Driver info: org.openqa.selenium.chrome.ChromeDriver
Capabilities {acceptInsecureCerts: false, browserName: chrome, browserVersion: 78.0.3904.108, chrome: {chromedriverVersion: 78.0.3904.70 (edb9c9f3de024..., userDataDir: C:\Users\speriy\AppData\Loc...}, goog:chromeOptions: {debuggerAddress: localhost:63342}, javascriptEnabled: true, networkConnectionEnabled: false, pageLoadStrategy: normal, platform: XP, platformName: XP, proxy: Proxy(), setWindowRect: true, strictFileInteractability: false, timeouts: {implicit: 0, pageLoad: 300000, script: 30000}, unhandledPromptBehavior: dismiss and notify}
Session ID: 4eb0b4bd5504eb8670687ac0f99c6cd5
*** Element info: {Using=xpath, value=//a[@class='header__logo']//*[@class='svglogo svglogo-sumo-white']}
	at sumo.qa.testcases.FrontpageTest.SumoLogo_Click_Test(FrontpageTest.java:127)
</failure>
    <system-out><![CDATA[Credentials saved to C:\Users\speriy\.credentials
Credentials saved to C:\Users\speriy\.credentials
]]></system-out>
    <system-err><![CDATA[Starting ChromeDriver 78.0.3904.70 (edb9c9f3de0247fd912a77b7f6cae7447f6d3ad5-refs/branch-heads/3904@{#800}) on port 36275
Only local connections are allowed.
Please protect ports used by ChromeDriver and related test frameworks to prevent access by malicious code.
Nov 22, 2019 10:34:39 AM org.openqa.selenium.remote.ProtocolHandshake createSession
INFO: Detected dialect: W3C
]]></system-err>
  </testcase>
</testsuite>