-------------------------------------------------------------------------------
Test set: TestSuite
-------------------------------------------------------------------------------
Tests run: 6, Failures: 1, Errors: 0, Skipped: 0, Time elapsed: 69.708 sec <<< FAILURE! - in TestSuite
LogginnFunction_Test(sumo.qa.testcases.FrontpageTest)  Time elapsed: 8.146 sec  <<< FAILURE!
java.lang.AssertionError: Wrong username/password expected [true] but found [false]
	at sumo.qa.testcases.FrontpageTest.LogginnFunction_Test(FrontpageTest.java:56)

