<?xml version="1.0" encoding="UTF-8"?>
<testng-results ignored="0" total="6" passed="5" failed="1" skipped="0">
  <reporter-output>
  </reporter-output>
  <suite started-at="2019-11-12T08:42:08Z" name="TV 2 Sumo Automation Test Suite" finished-at="2019-11-12T08:43:16Z" duration-ms="68077">
    <groups>
    </groups>
    <test started-at="2019-11-12T08:42:08Z" name="TV 2 sumo Test Cases" finished-at="2019-11-12T08:43:16Z" duration-ms="68077">
      <class name="sumo.qa.testcases.FrontpageTest">
        <test-method is-config="true" signature="setExtent()[pri:0, instance:sumo.qa.testcases.FrontpageTest@46b61c56]" started-at="2019-11-12T08:42:08Z" name="setExtent" finished-at="2019-11-12T08:42:08Z" duration-ms="152" status="PASS">
          <reporter-output>
          </reporter-output>
        </test-method> <!-- setExtent -->
        <test-method is-config="true" signature="setUp()[pri:0, instance:sumo.qa.testcases.FrontpageTest@46b61c56]" started-at="2019-11-12T08:42:08Z" name="setUp" finished-at="2019-11-12T08:42:17Z" duration-ms="8622" status="PASS">
          <reporter-output>
          </reporter-output>
        </test-method> <!-- setUp -->
        <test-method signature="LogginnFunction_Test()[pri:1, instance:sumo.qa.testcases.FrontpageTest@46b61c56]" started-at="2019-11-12T08:42:17Z" name="LogginnFunction_Test" finished-at="2019-11-12T08:42:25Z" duration-ms="8136" status="FAIL">
          <exception class="java.lang.AssertionError">
            <message>
              <![CDATA[Wrong username/password expected [true] but found [false]]]>
            </message>
            <full-stacktrace>
              <![CDATA[java.lang.AssertionError: Wrong username/password expected [true] but found [false]
at org.testng.Assert.fail(Assert.java:96)
at org.testng.Assert.failNotEquals(Assert.java:776)
at org.testng.Assert.assertEqualsImpl(Assert.java:137)
at org.testng.Assert.assertEquals(Assert.java:118)
at org.testng.Assert.assertEquals(Assert.java:568)
at sumo.qa.testcases.FrontpageTest.LogginnFunction_Test(FrontpageTest.java:56)
at java.base/jdk.internal.reflect.NativeMethodAccessorImpl.invoke0(Native Method)
at java.base/jdk.internal.reflect.NativeMethodAccessorImpl.invoke(NativeMethodAccessorImpl.java:62)
at java.base/jdk.internal.reflect.DelegatingMethodAccessorImpl.invoke(DelegatingMethodAccessorImpl.java:43)
at java.base/java.lang.reflect.Method.invoke(Method.java:566)
at org.testng.internal.MethodInvocationHelper.invokeMethod(MethodInvocationHelper.java:124)
at org.testng.internal.Invoker.invokeMethod(Invoker.java:580)
at org.testng.internal.Invoker.invokeTestMethod(Invoker.java:716)
at org.testng.internal.Invoker.invokeTestMethods(Invoker.java:988)
at org.testng.internal.TestMethodWorker.invokeTestMethods(TestMethodWorker.java:125)
at org.testng.internal.TestMethodWorker.run(TestMethodWorker.java:109)
at java.base/java.util.concurrent.ThreadPoolExecutor.runWorker(ThreadPoolExecutor.java:1128)
at java.base/java.util.concurrent.ThreadPoolExecutor$Worker.run(ThreadPoolExecutor.java:628)
at java.base/java.lang.Thread.run(Thread.java:834)
]]>
            </full-stacktrace>
          </exception> <!-- java.lang.AssertionError -->
          <reporter-output>
          </reporter-output>
        </test-method> <!-- LogginnFunction_Test -->
        <test-method is-config="true" signature="tearDown(org.testng.ITestResult)[pri:0, instance:sumo.qa.testcases.FrontpageTest@46b61c56]" started-at="2019-11-12T08:42:25Z" name="tearDown" finished-at="2019-11-12T08:42:26Z" duration-ms="1185" status="PASS">
          <params>
            <param index="0">
              <value>
                <![CDATA[[TestResult name=LogginnFunction_Test status=FAILURE method=FrontpageTest.LogginnFunction_Test()[pri:1, instance:sumo.qa.testcases.FrontpageTest@46b61c56] output={null}]]]>
              </value>
            </param>
          </params>
          <reporter-output>
          </reporter-output>
        </test-method> <!-- tearDown -->
        <test-method is-config="true" signature="setUp()[pri:0, instance:sumo.qa.testcases.FrontpageTest@46b61c56]" started-at="2019-11-12T08:42:26Z" name="setUp" finished-at="2019-11-12T08:42:33Z" duration-ms="6903" status="PASS">
          <reporter-output>
          </reporter-output>
        </test-method> <!-- setUp -->
        <test-method signature="GlemtPassordLink_Click_Test()[pri:2, instance:sumo.qa.testcases.FrontpageTest@46b61c56]" started-at="2019-11-12T08:42:33Z" name="GlemtPassordLink_Click_Test" finished-at="2019-11-12T08:42:33Z" duration-ms="318" status="PASS">
          <reporter-output>
          </reporter-output>
        </test-method> <!-- GlemtPassordLink_Click_Test -->
        <test-method is-config="true" signature="tearDown(org.testng.ITestResult)[pri:0, instance:sumo.qa.testcases.FrontpageTest@46b61c56]" started-at="2019-11-12T08:42:33Z" name="tearDown" finished-at="2019-11-12T08:42:34Z" duration-ms="815" status="PASS">
          <params>
            <param index="0">
              <value>
                <![CDATA[[TestResult name=GlemtPassordLink_Click_Test status=SUCCESS method=FrontpageTest.GlemtPassordLink_Click_Test()[pri:2, instance:sumo.qa.testcases.FrontpageTest@46b61c56] output={null}]]]>
              </value>
            </param>
          </params>
          <reporter-output>
          </reporter-output>
        </test-method> <!-- tearDown -->
        <test-method is-config="true" signature="setUp()[pri:0, instance:sumo.qa.testcases.FrontpageTest@46b61c56]" started-at="2019-11-12T08:42:34Z" name="setUp" finished-at="2019-11-12T08:42:41Z" duration-ms="7002" status="PASS">
          <reporter-output>
          </reporter-output>
        </test-method> <!-- setUp -->
        <test-method signature="NyBruker_FaatilgangNaaLink_Test()[pri:3, instance:sumo.qa.testcases.FrontpageTest@46b61c56]" started-at="2019-11-12T08:42:41Z" name="NyBruker_FaatilgangNaaLink_Test" finished-at="2019-11-12T08:42:41Z" duration-ms="308" status="PASS">
          <reporter-output>
          </reporter-output>
        </test-method> <!-- NyBruker_FaatilgangNaaLink_Test -->
        <test-method is-config="true" signature="tearDown(org.testng.ITestResult)[pri:0, instance:sumo.qa.testcases.FrontpageTest@46b61c56]" started-at="2019-11-12T08:42:41Z" name="tearDown" finished-at="2019-11-12T08:42:42Z" duration-ms="870" status="PASS">
          <params>
            <param index="0">
              <value>
                <![CDATA[[TestResult name=NyBruker_FaatilgangNaaLink_Test status=SUCCESS method=FrontpageTest.NyBruker_FaatilgangNaaLink_Test()[pri:3, instance:sumo.qa.testcases.FrontpageTest@46b61c56] output={null}]]]>
              </value>
            </param>
          </params>
          <reporter-output>
          </reporter-output>
        </test-method> <!-- tearDown -->
        <test-method is-config="true" signature="setUp()[pri:0, instance:sumo.qa.testcases.FrontpageTest@46b61c56]" started-at="2019-11-12T08:42:42Z" name="setUp" finished-at="2019-11-12T08:42:49Z" duration-ms="7017" status="PASS">
          <reporter-output>
          </reporter-output>
        </test-method> <!-- setUp -->
        <test-method signature="logginnBtn_Click_Test()[pri:4, instance:sumo.qa.testcases.FrontpageTest@46b61c56]" started-at="2019-11-12T08:42:49Z" name="logginnBtn_Click_Test" finished-at="2019-11-12T08:42:50Z" duration-ms="193" status="PASS">
          <reporter-output>
          </reporter-output>
        </test-method> <!-- logginnBtn_Click_Test -->
        <test-method is-config="true" signature="tearDown(org.testng.ITestResult)[pri:0, instance:sumo.qa.testcases.FrontpageTest@46b61c56]" started-at="2019-11-12T08:42:50Z" name="tearDown" finished-at="2019-11-12T08:42:51Z" duration-ms="1156" status="PASS">
          <params>
            <param index="0">
              <value>
                <![CDATA[[TestResult name=logginnBtn_Click_Test status=SUCCESS method=FrontpageTest.logginnBtn_Click_Test()[pri:4, instance:sumo.qa.testcases.FrontpageTest@46b61c56] output={null}]]]>
              </value>
            </param>
          </params>
          <reporter-output>
          </reporter-output>
        </test-method> <!-- tearDown -->
        <test-method is-config="true" signature="setUp()[pri:0, instance:sumo.qa.testcases.FrontpageTest@46b61c56]" started-at="2019-11-12T08:42:51Z" name="setUp" finished-at="2019-11-12T08:42:58Z" duration-ms="6987" status="PASS">
          <reporter-output>
          </reporter-output>
        </test-method> <!-- setUp -->
        <test-method signature="LogginnAvbrytBtn_Click_Test()[pri:5, instance:sumo.qa.testcases.FrontpageTest@46b61c56]" started-at="2019-11-12T08:42:58Z" name="LogginnAvbrytBtn_Click_Test" finished-at="2019-11-12T08:43:05Z" duration-ms="7236" status="PASS">
          <reporter-output>
          </reporter-output>
        </test-method> <!-- LogginnAvbrytBtn_Click_Test -->
        <test-method is-config="true" signature="tearDown(org.testng.ITestResult)[pri:0, instance:sumo.qa.testcases.FrontpageTest@46b61c56]" started-at="2019-11-12T08:43:05Z" name="tearDown" finished-at="2019-11-12T08:43:06Z" duration-ms="753" status="PASS">
          <params>
            <param index="0">
              <value>
                <![CDATA[[TestResult name=LogginnAvbrytBtn_Click_Test status=SUCCESS method=FrontpageTest.LogginnAvbrytBtn_Click_Test()[pri:5, instance:sumo.qa.testcases.FrontpageTest@46b61c56] output={null}]]]>
              </value>
            </param>
          </params>
          <reporter-output>
          </reporter-output>
        </test-method> <!-- tearDown -->
        <test-method is-config="true" signature="setUp()[pri:0, instance:sumo.qa.testcases.FrontpageTest@46b61c56]" started-at="2019-11-12T08:43:06Z" name="setUp" finished-at="2019-11-12T08:43:13Z" duration-ms="7275" status="PASS">
          <reporter-output>
          </reporter-output>
        </test-method> <!-- setUp -->
        <test-method signature="SumoLogo_Click_Test()[pri:6, instance:sumo.qa.testcases.FrontpageTest@46b61c56]" started-at="2019-11-12T08:43:13Z" name="SumoLogo_Click_Test" finished-at="2019-11-12T08:43:15Z" duration-ms="2112" status="PASS">
          <reporter-output>
          </reporter-output>
        </test-method> <!-- SumoLogo_Click_Test -->
        <test-method is-config="true" signature="tearDown(org.testng.ITestResult)[pri:0, instance:sumo.qa.testcases.FrontpageTest@46b61c56]" started-at="2019-11-12T08:43:15Z" name="tearDown" finished-at="2019-11-12T08:43:16Z" duration-ms="712" status="PASS">
          <params>
            <param index="0">
              <value>
                <![CDATA[[TestResult name=SumoLogo_Click_Test status=SUCCESS method=FrontpageTest.SumoLogo_Click_Test()[pri:6, instance:sumo.qa.testcases.FrontpageTest@46b61c56] output={null}]]]>
              </value>
            </param>
          </params>
          <reporter-output>
          </reporter-output>
        </test-method> <!-- tearDown -->
        <test-method is-config="true" signature="endReport()[pri:0, instance:sumo.qa.testcases.FrontpageTest@46b61c56]" started-at="2019-11-12T08:43:16Z" name="endReport" finished-at="2019-11-12T08:43:16Z" duration-ms="286" status="PASS">
          <reporter-output>
          </reporter-output>
        </test-method> <!-- endReport -->
      </class> <!-- sumo.qa.testcases.FrontpageTest -->
    </test> <!-- TV 2 sumo Test Cases -->
  </suite> <!-- TV 2 Sumo Automation Test Suite -->
</testng-results>
