<?xml version="1.0" encoding="UTF-8"?>
<testsuite xmlns:xsi="http://www.w3.org/2001/XMLSchema-instance" xsi:noNamespaceSchemaLocation="https://maven.apache.org/surefire/maven-surefire-plugin/xsd/surefire-test-report.xsd" name="TestSuite" time="97.176" tests="7" errors="0" skipped="0" failures="2">
  <properties>
[...]
</properties>
  <testcase name="goToPakkerTest" classname="sumo.qa.testcases.NybrukerTest" time="1.538"/>
  <testcase name="LogginnFunction_Test" classname="sumo.qa.testcases.FrontpageTest" time="5.142"/>
  <testcase name="GlemtPassordLink_Click_Test" classname="sumo.qa.testcases.FrontpageTest" time="1.139">
    <failure message="Glemt Passordlink is not working expected [Få passord123] but found [Få passord]" type="java.lang.AssertionError">java.lang.AssertionError: Glemt Passordlink is not working expected [Få passord123] but found [Få passord]
	at sumo.qa.testcases.FrontpageTest.GlemtPassordLink_Click_Test(FrontpageTest.java:100)
</failure>
    <system-out><![CDATA[Credentials saved to C:\Users\speriy\.credentials
Credentials saved to C:\Users\speriy\.credentials
I am in onTestStart method GlemtPassordLink_Click_Test start
I am in onTestFailure method GlemtPassordLink_Click_Test failed
Screenshot captured for test case:GlemtPassordLink_Click_Test
]]></system-out>
    <system-err><![CDATA[Starting ChromeDriver 78.0.3904.105 (60e2d8774a8151efa6a00b1f358371b1e0e07ee2-refs/branch-heads/3904@{#877}) on port 38047
Only local connections are allowed.
Please protect ports used by ChromeDriver and related test frameworks to prevent access by malicious code.
Dec 10, 2019 4:22:27 PM org.openqa.selenium.remote.ProtocolHandshake createSession
INFO: Detected dialect: W3C
]]></system-err>
  </testcase>
  <testcase name="NyBruker_FaatilgangNaaLink_Test" classname="sumo.qa.testcases.FrontpageTest" time="0.658"/>
  <testcase name="logginnBtn_Click_Test" classname="sumo.qa.testcases.FrontpageTest" time="0.184"/>
  <testcase name="LogginnAvbrytBtn_Click_Test" classname="sumo.qa.testcases.FrontpageTest" time="0.338"/>
  <testcase name="SumoLogo_Click_Test" classname="sumo.qa.testcases.FrontpageTest" time="1.769">
    <failure message="stale element reference: element is not attached to the page document&#10;  (Session info: chrome=78.0.3904.108)&#10;For documentation on this error, please visit: https://www.seleniumhq.org/exceptions/stale_element_reference.html&#10;Build info: version: &apos;3.141.59&apos;, revision: &apos;e82be7d358&apos;, time: &apos;2018-11-14T08:17:03&apos;&#10;System info: host: &apos;PC7425&apos;, ip: &apos;10.53.22.174&apos;, os.name: &apos;Windows 10&apos;, os.arch: &apos;amd64&apos;, os.version: &apos;10.0&apos;, java.version: &apos;11.0.3&apos;&#10;Driver info: org.openqa.selenium.chrome.ChromeDriver&#10;Capabilities {acceptInsecureCerts: false, browserName: chrome, browserVersion: 78.0.3904.108, chrome: {chromedriverVersion: 78.0.3904.105 (60e2d8774a81..., userDataDir: C:\Users\speriy\AppData\Loc...}, goog:chromeOptions: {debuggerAddress: localhost:54795}, javascriptEnabled: true, networkConnectionEnabled: false, pageLoadStrategy: normal, platform: XP, platformName: XP, proxy: Proxy(), setWindowRect: true, strictFileInteractability: false, timeouts: {implicit: 0, pageLoad: 300000, script: 30000}, unhandledPromptBehavior: dismiss and notify}&#10;Session ID: 1e9280e6af8b86ea9b8f9962065cd264" type="org.openqa.selenium.StaleElementReferenceException">org.openqa.selenium.StaleElementReferenceException: 
stale element reference: element is not attached to the page document
  (Session info: chrome=78.0.3904.108)
For documentation on this error, please visit: https://www.seleniumhq.org/exceptions/stale_element_reference.html
Build info: version: '3.141.59', revision: 'e82be7d358', time: '2018-11-14T08:17:03'
System info: host: 'PC7425', ip: '10.53.22.174', os.name: 'Windows 10', os.arch: 'amd64', os.version: '10.0', java.version: '11.0.3'
Driver info: org.openqa.selenium.chrome.ChromeDriver
Capabilities {acceptInsecureCerts: false, browserName: chrome, browserVersion: 78.0.3904.108, chrome: {chromedriverVersion: 78.0.3904.105 (60e2d8774a81..., userDataDir: C:\Users\speriy\AppData\Loc...}, goog:chromeOptions: {debuggerAddress: localhost:54795}, javascriptEnabled: true, networkConnectionEnabled: false, pageLoadStrategy: normal, platform: XP, platformName: XP, proxy: Proxy(), setWindowRect: true, strictFileInteractability: false, timeouts: {implicit: 0, pageLoad: 300000, script: 30000}, unhandledPromptBehavior: dismiss and notify}
Session ID: 1e9280e6af8b86ea9b8f9962065cd264
	at sumo.qa.testcases.FrontpageTest.SumoLogo_Click_Test(FrontpageTest.java:163)
</failure>
    <system-out><![CDATA[Credentials saved to C:\Users\speriy\.credentials
Credentials saved to C:\Users\speriy\.credentials
I am in onTestStart method SumoLogo_Click_Test start
I am in onTestFailure method SumoLogo_Click_Test failed
Screenshot captured for test case:SumoLogo_Click_Test
]]></system-out>
    <system-err><![CDATA[Starting ChromeDriver 78.0.3904.105 (60e2d8774a8151efa6a00b1f358371b1e0e07ee2-refs/branch-heads/3904@{#877}) on port 33502
Only local connections are allowed.
Please protect ports used by ChromeDriver and related test frameworks to prevent access by malicious code.
Dec 10, 2019 4:23:06 PM org.openqa.selenium.remote.ProtocolHandshake createSession
INFO: Detected dialect: W3C
]]></system-err>
  </testcase>
</testsuite>