-------------------------------------------------------------------------------
Test set: TestSuite
-------------------------------------------------------------------------------
Tests run: 6, Failures: 1, Errors: 0, Skipped: 0, Time elapsed: 75.442 s <<< FAILURE! - in TestSuite
GlemtPassordLink_Click_Test(sumo.qa.testcases.FrontpageTest)  Time elapsed: 1.691 s  <<< FAILURE!
java.lang.AssertionError: Glemt Passordlink is not working expected [Få passord123] but found [Få passord]
	at sumo.qa.testcases.FrontpageTest.GlemtPassordLink_Click_Test_aroundBody2(FrontpageTest.java:104)
	at sumo.qa.testcases.FrontpageTest.GlemtPassordLink_Click_Test(FrontpageTest.java:103)

