<?xml version="1.0" encoding="UTF-8"?>
<testng-results ignored="0" total="1" passed="1" failed="0" skipped="0">
  <reporter-output>
  </reporter-output>
  <suite started-at="2019-12-13T11:42:10Z" name="Default suite" finished-at="2019-12-13T11:42:25Z" duration-ms="15316">
    <groups>
    </groups>
    <test started-at="2019-12-13T11:42:10Z" name="Default test" finished-at="2019-12-13T11:42:25Z" duration-ms="15316">
      <class name="sumo.qa.testcases.FrontpageTest">
        <test-method is-config="true" signature="setUp()[pri:0, instance:sumo.qa.testcases.FrontpageTest@45cd7bc5]" started-at="2019-12-13T11:42:10Z" name="setUp" finished-at="2019-12-13T11:42:19Z" duration-ms="9822" status="PASS">
          <reporter-output>
          </reporter-output>
        </test-method> <!-- setUp -->
        <test-method signature="SumoLogo_Click_Test()[pri:6, instance:sumo.qa.testcases.FrontpageTest@45cd7bc5]" started-at="2019-12-13T11:42:20Z" name="SumoLogo_Click_Test" finished-at="2019-12-13T11:42:24Z" duration-ms="4185" status="PASS">
          <reporter-output>
          </reporter-output>
        </test-method> <!-- SumoLogo_Click_Test -->
        <test-method is-config="true" signature="tearDown(org.testng.ITestResult)[pri:0, instance:sumo.qa.testcases.FrontpageTest@45cd7bc5]" started-at="2019-12-13T11:42:24Z" name="tearDown" finished-at="2019-12-13T11:42:25Z" duration-ms="890" status="PASS">
          <params>
            <param index="0">
              <value>
                <![CDATA[[TestResult name=SumoLogo_Click_Test status=SUCCESS method=FrontpageTest.SumoLogo_Click_Test()[pri:6, instance:sumo.qa.testcases.FrontpageTest@45cd7bc5] output={null}]]]>
              </value>
            </param>
          </params>
          <reporter-output>
          </reporter-output>
        </test-method> <!-- tearDown -->
      </class> <!-- sumo.qa.testcases.FrontpageTest -->
    </test> <!-- Default test -->
  </suite> <!-- Default suite -->
</testng-results>
