<?xml version="1.0" encoding="UTF-8"?>
<testng-results ignored="0" total="6" passed="5" failed="1" skipped="0">
  <reporter-output>
  </reporter-output>
  <suite started-at="2019-12-12T12:04:09Z" name="Default suite" finished-at="2019-12-12T12:05:10Z" duration-ms="60344">
    <groups>
    </groups>
    <test started-at="2019-12-12T12:04:09Z" name="Default test" finished-at="2019-12-12T12:05:10Z" duration-ms="60344">
      <class name="sumo.qa.testcases.FrontpageTest">
        <test-method is-config="true" signature="setUp()[pri:0, instance:sumo.qa.testcases.FrontpageTest@1e95b653]" started-at="2019-12-12T12:04:09Z" name="setUp" finished-at="2019-12-12T12:04:18Z" duration-ms="8478" status="PASS">
          <reporter-output>
          </reporter-output>
        </test-method> <!-- setUp -->
        <test-method signature="LogginnFunction_Test()[pri:1, instance:sumo.qa.testcases.FrontpageTest@1e95b653]" started-at="2019-12-12T12:04:18Z" name="LogginnFunction_Test" finished-at="2019-12-12T12:04:24Z" duration-ms="5535" status="PASS">
          <reporter-output>
          </reporter-output>
        </test-method> <!-- LogginnFunction_Test -->
        <test-method is-config="true" signature="tearDown(org.testng.ITestResult)[pri:0, instance:sumo.qa.testcases.FrontpageTest@1e95b653]" started-at="2019-12-12T12:04:24Z" name="tearDown" finished-at="2019-12-12T12:04:24Z" duration-ms="866" status="PASS">
          <params>
            <param index="0">
              <value>
                <![CDATA[[TestResult name=LogginnFunction_Test status=SUCCESS method=FrontpageTest.LogginnFunction_Test()[pri:1, instance:sumo.qa.testcases.FrontpageTest@1e95b653] output={null}]]]>
              </value>
            </param>
          </params>
          <reporter-output>
          </reporter-output>
        </test-method> <!-- tearDown -->
        <test-method is-config="true" signature="setUp()[pri:0, instance:sumo.qa.testcases.FrontpageTest@1e95b653]" started-at="2019-12-12T12:04:24Z" name="setUp" finished-at="2019-12-12T12:04:31Z" duration-ms="6407" status="PASS">
          <reporter-output>
          </reporter-output>
        </test-method> <!-- setUp -->
        <test-method signature="GlemtPassordLink_Click_Test()[pri:2, instance:sumo.qa.testcases.FrontpageTest@1e95b653]" started-at="2019-12-12T12:04:31Z" name="GlemtPassordLink_Click_Test" description="Glemte pass" finished-at="2019-12-12T12:04:32Z" duration-ms="905" status="FAIL">
          <exception class="java.lang.AssertionError">
            <message>
              <![CDATA[Glemt Passordlink is not working expected [Få passord123] but found [Få passord]]]>
            </message>
            <full-stacktrace>
              <![CDATA[java.lang.AssertionError: Glemt Passordlink is not working expected [Få passord123] but found [Få passord]
at org.testng.Assert.fail(Assert.java:96)
at org.testng.Assert.failNotEquals(Assert.java:776)
at org.testng.Assert.assertEqualsImpl(Assert.java:137)
at org.testng.Assert.assertEquals(Assert.java:118)
at org.testng.Assert.assertEquals(Assert.java:453)
at sumo.qa.testcases.FrontpageTest.GlemtPassordLink_Click_Test_aroundBody2(FrontpageTest.java:82)
at sumo.qa.testcases.FrontpageTest$AjcClosure3.run(FrontpageTest.java:1)
at org.aspectj.runtime.reflect.JoinPointImpl.proceed(JoinPointImpl.java:149)
at io.qameta.allure.aspects.StepsAspects.step(StepsAspects.java:51)
at sumo.qa.testcases.FrontpageTest.GlemtPassordLink_Click_Test(FrontpageTest.java:81)
at java.base/jdk.internal.reflect.NativeMethodAccessorImpl.invoke0(Native Method)
at java.base/jdk.internal.reflect.NativeMethodAccessorImpl.invoke(NativeMethodAccessorImpl.java:62)
at java.base/jdk.internal.reflect.DelegatingMethodAccessorImpl.invoke(DelegatingMethodAccessorImpl.java:43)
at java.base/java.lang.reflect.Method.invoke(Method.java:566)
at org.testng.internal.MethodInvocationHelper.invokeMethod(MethodInvocationHelper.java:124)
at org.testng.internal.Invoker.invokeMethod(Invoker.java:580)
at org.testng.internal.Invoker.invokeTestMethod(Invoker.java:716)
at org.testng.internal.Invoker.invokeTestMethods(Invoker.java:988)
at org.testng.internal.TestMethodWorker.invokeTestMethods(TestMethodWorker.java:125)
at org.testng.internal.TestMethodWorker.run(TestMethodWorker.java:109)
at org.testng.TestRunner.privateRun(TestRunner.java:648)
at org.testng.TestRunner.run(TestRunner.java:505)
at org.testng.SuiteRunner.runTest(SuiteRunner.java:455)
at org.testng.SuiteRunner.runSequentially(SuiteRunner.java:450)
at org.testng.SuiteRunner.privateRun(SuiteRunner.java:415)
at org.testng.SuiteRunner.run(SuiteRunner.java:364)
at org.testng.SuiteRunnerWorker.runSuite(SuiteRunnerWorker.java:52)
at org.testng.SuiteRunnerWorker.run(SuiteRunnerWorker.java:84)
at org.testng.TestNG.runSuitesSequentially(TestNG.java:1208)
at org.testng.TestNG.runSuitesLocally(TestNG.java:1137)
at org.testng.TestNG.runSuites(TestNG.java:1049)
at org.testng.TestNG.run(TestNG.java:1017)
at org.testng.remote.AbstractRemoteTestNG.run(AbstractRemoteTestNG.java:115)
at org.testng.remote.RemoteTestNG.initAndRun(RemoteTestNG.java:251)
at org.testng.remote.RemoteTestNG.main(RemoteTestNG.java:77)
]]>
            </full-stacktrace>
          </exception> <!-- java.lang.AssertionError -->
          <reporter-output>
          </reporter-output>
        </test-method> <!-- GlemtPassordLink_Click_Test -->
        <test-method is-config="true" signature="tearDown(org.testng.ITestResult)[pri:0, instance:sumo.qa.testcases.FrontpageTest@1e95b653]" started-at="2019-12-12T12:04:32Z" name="tearDown" finished-at="2019-12-12T12:04:33Z" duration-ms="851" status="PASS">
          <params>
            <param index="0">
              <value>
                <![CDATA[[TestResult name=GlemtPassordLink_Click_Test status=FAILURE method=FrontpageTest.GlemtPassordLink_Click_Test()[pri:2, instance:sumo.qa.testcases.FrontpageTest@1e95b653] output={null}]]]>
              </value>
            </param>
          </params>
          <reporter-output>
          </reporter-output>
        </test-method> <!-- tearDown -->
        <test-method is-config="true" signature="setUp()[pri:0, instance:sumo.qa.testcases.FrontpageTest@1e95b653]" started-at="2019-12-12T12:04:33Z" name="setUp" finished-at="2019-12-12T12:04:43Z" duration-ms="9700" status="PASS">
          <reporter-output>
          </reporter-output>
        </test-method> <!-- setUp -->
        <test-method signature="NyBruker_FaatilgangNaaLink_Test()[pri:3, instance:sumo.qa.testcases.FrontpageTest@1e95b653]" started-at="2019-12-12T12:04:43Z" name="NyBruker_FaatilgangNaaLink_Test" description="NyBruker" finished-at="2019-12-12T12:04:44Z" duration-ms="935" status="PASS">
          <reporter-output>
          </reporter-output>
        </test-method> <!-- NyBruker_FaatilgangNaaLink_Test -->
        <test-method is-config="true" signature="tearDown(org.testng.ITestResult)[pri:0, instance:sumo.qa.testcases.FrontpageTest@1e95b653]" started-at="2019-12-12T12:04:44Z" name="tearDown" finished-at="2019-12-12T12:04:45Z" duration-ms="829" status="PASS">
          <params>
            <param index="0">
              <value>
                <![CDATA[[TestResult name=NyBruker_FaatilgangNaaLink_Test status=SUCCESS method=FrontpageTest.NyBruker_FaatilgangNaaLink_Test()[pri:3, instance:sumo.qa.testcases.FrontpageTest@1e95b653] output={null}]]]>
              </value>
            </param>
          </params>
          <reporter-output>
          </reporter-output>
        </test-method> <!-- tearDown -->
        <test-method is-config="true" signature="setUp()[pri:0, instance:sumo.qa.testcases.FrontpageTest@1e95b653]" started-at="2019-12-12T12:04:45Z" name="setUp" finished-at="2019-12-12T12:04:51Z" duration-ms="6575" status="PASS">
          <reporter-output>
          </reporter-output>
        </test-method> <!-- setUp -->
        <test-method signature="logginnBtn_Click_Test()[pri:4, instance:sumo.qa.testcases.FrontpageTest@1e95b653]" started-at="2019-12-12T12:04:51Z" name="logginnBtn_Click_Test" finished-at="2019-12-12T12:04:52Z" duration-ms="338" status="PASS">
          <reporter-output>
          </reporter-output>
        </test-method> <!-- logginnBtn_Click_Test -->
        <test-method is-config="true" signature="tearDown(org.testng.ITestResult)[pri:0, instance:sumo.qa.testcases.FrontpageTest@1e95b653]" started-at="2019-12-12T12:04:52Z" name="tearDown" finished-at="2019-12-12T12:04:52Z" duration-ms="744" status="PASS">
          <params>
            <param index="0">
              <value>
                <![CDATA[[TestResult name=logginnBtn_Click_Test status=SUCCESS method=FrontpageTest.logginnBtn_Click_Test()[pri:4, instance:sumo.qa.testcases.FrontpageTest@1e95b653] output={null}]]]>
              </value>
            </param>
          </params>
          <reporter-output>
          </reporter-output>
        </test-method> <!-- tearDown -->
        <test-method is-config="true" signature="setUp()[pri:0, instance:sumo.qa.testcases.FrontpageTest@1e95b653]" started-at="2019-12-12T12:04:52Z" name="setUp" finished-at="2019-12-12T12:04:58Z" duration-ms="6224" status="PASS">
          <reporter-output>
          </reporter-output>
        </test-method> <!-- setUp -->
        <test-method signature="LogginnAvbrytBtn_Click_Test()[pri:5, instance:sumo.qa.testcases.FrontpageTest@1e95b653]" started-at="2019-12-12T12:04:58Z" name="LogginnAvbrytBtn_Click_Test" finished-at="2019-12-12T12:04:59Z" duration-ms="924" status="PASS">
          <reporter-output>
          </reporter-output>
        </test-method> <!-- LogginnAvbrytBtn_Click_Test -->
        <test-method is-config="true" signature="tearDown(org.testng.ITestResult)[pri:0, instance:sumo.qa.testcases.FrontpageTest@1e95b653]" started-at="2019-12-12T12:04:59Z" name="tearDown" finished-at="2019-12-12T12:05:01Z" duration-ms="1197" status="PASS">
          <params>
            <param index="0">
              <value>
                <![CDATA[[TestResult name=LogginnAvbrytBtn_Click_Test status=SUCCESS method=FrontpageTest.LogginnAvbrytBtn_Click_Test()[pri:5, instance:sumo.qa.testcases.FrontpageTest@1e95b653] output={null}]]]>
              </value>
            </param>
          </params>
          <reporter-output>
          </reporter-output>
        </test-method> <!-- tearDown -->
        <test-method is-config="true" signature="setUp()[pri:0, instance:sumo.qa.testcases.FrontpageTest@1e95b653]" started-at="2019-12-12T12:05:01Z" name="setUp" finished-at="2019-12-12T12:05:07Z" duration-ms="6320" status="PASS">
          <reporter-output>
          </reporter-output>
        </test-method> <!-- setUp -->
        <test-method signature="SumoLogo_Click_Test()[pri:6, instance:sumo.qa.testcases.FrontpageTest@1e95b653]" started-at="2019-12-12T12:05:07Z" name="SumoLogo_Click_Test" finished-at="2019-12-12T12:05:09Z" duration-ms="1769" status="PASS">
          <reporter-output>
          </reporter-output>
        </test-method> <!-- SumoLogo_Click_Test -->
        <test-method is-config="true" signature="tearDown(org.testng.ITestResult)[pri:0, instance:sumo.qa.testcases.FrontpageTest@1e95b653]" started-at="2019-12-12T12:05:09Z" name="tearDown" finished-at="2019-12-12T12:05:10Z" duration-ms="830" status="PASS">
          <params>
            <param index="0">
              <value>
                <![CDATA[[TestResult name=SumoLogo_Click_Test status=SUCCESS method=FrontpageTest.SumoLogo_Click_Test()[pri:6, instance:sumo.qa.testcases.FrontpageTest@1e95b653] output={null}]]]>
              </value>
            </param>
          </params>
          <reporter-output>
          </reporter-output>
        </test-method> <!-- tearDown -->
      </class> <!-- sumo.qa.testcases.FrontpageTest -->
    </test> <!-- Default test -->
  </suite> <!-- Default suite -->
</testng-results>
