<?xml version="1.0" encoding="UTF-8"?>
<!-- Generated by org.testng.reporters.JUnitXMLReporter -->
<testsuite ignored="0" hostname="PC7425" failures="1" tests="2" name="TV 2 sumo Test Cases" time="226.242" errors="0" timestamp="09 Dec 2019 14:04:28 GMT">
  <testcase classname="sumo.qa.testcases.NybrukerTest" name="goToPakkerTest" time="15.54"/>
  <testcase classname="sumo.qa.testcases.FrontpageTest" name="NyBruker_FaatilgangNaaLink_Test" time="12.981">
    <failure type="java.lang.AssertionError" message="Asserting texts are not matchced expected [Velkommen | TV 2 Sumo123] but found [Velkommen | TV 2 Sumo]">
      <![CDATA[java.lang.AssertionError: Asserting texts are not matchced expected [Velkommen | TV 2 Sumo123] but found [Velkommen | TV 2 Sumo]
at sumo.qa.testcases.FrontpageTest.NyBruker_FaatilgangNaaLink_Test(FrontpageTest.java:114)
... Removed 30 stack frames]]>
    </failure>
  </testcase> <!-- NyBruker_FaatilgangNaaLink_Test -->
</testsuite> <!-- TV 2 sumo Test Cases -->
